Using pre-set license
Built from '2020.3/staging' branch; Version is '2020.3.22f1 (e1a7f79fd887) revision 14788599'; Using compiler version '192528614'; Build Type 'Release'
OS: 'Windows 10 Pro; OS build 19043.1503; Version 2009; 64bit' Language: 'en' Physical Memory: 32581 MB
BatchMode: 1, IsHumanControllingUs: 0, StartBugReporterOnCrash: 0, Is64bit: 1, IsPro: 0

COMMAND LINE ARGUMENTS:
C:\Program Files\Unity\Hub\Editor\2020.3.22f1\Editor\Unity.exe
-adb2
-batchMode
-noUpm
-name
AssetImportWorker0
-projectPath
D:/3 Game Dev/CandyLand Game
-logFile
Logs/AssetImportWorker0.log
-srvPort
56325
Successfully changed project path to: D:/3 Game Dev/CandyLand Game
D:/3 Game Dev/CandyLand Game
Using Asset Import Pipeline V2.
Refreshing native plugins compatible for Editor in 36.27 ms, found 2 plugins.
Preloading 0 native plugins for Editor in 0.00 ms.
Initialize engine version: 2020.3.22f1 (e1a7f79fd887)
[Subsystems] Discovering subsystems at path C:/Program Files/Unity/Hub/Editor/2020.3.22f1/Editor/Data/Resources/UnitySubsystems
[Subsystems] Discovering subsystems at path D:/3 Game Dev/CandyLand Game/Assets
GfxDevice: creating device client; threaded=0
Direct3D:
    Version:  Direct3D 11.0 [level 11.1]
    Renderer: NVIDIA GeForce GTX 1080 (ID=0x1b80)
    Vendor:   
    VRAM:     8079 MB
    Driver:   30.0.15.1123
Initialize mono
Mono path[0] = 'C:/Program Files/Unity/Hub/Editor/2020.3.22f1/Editor/Data/Managed'
Mono path[1] = 'C:/Program Files/Unity/Hub/Editor/2020.3.22f1/Editor/Data/MonoBleedingEdge/lib/mono/unityjit'
Mono config path = 'C:/Program Files/Unity/Hub/Editor/2020.3.22f1/Editor/Data/MonoBleedingEdge/etc'
Using monoOptions --debugger-agent=transport=dt_socket,embedding=1,server=y,suspend=n,address=127.0.0.1:56936
Begin MonoManager ReloadAssembly
Registering precompiled unity dll's ...
Register platform support module: C:/Program Files/Unity/Hub/Editor/2020.3.22f1/Editor/Data/PlaybackEngines/WindowsStandaloneSupport/UnityEditor.WindowsStandalone.Extensions.dll
Registered in 0.001861 seconds.
Native extension for WindowsStandalone target not found
Refreshing native plugins compatible for Editor in 36.41 ms, found 2 plugins.
Preloading 0 native plugins for Editor in 0.00 ms.
Mono: successfully reloaded assembly
- Completed reload, in  1.696 seconds
Domain Reload Profiling:
	ReloadAssembly (1696ms)
		BeginReloadAssembly (52ms)
			ExecutionOrderSort (0ms)
			DisableScriptedObjects (0ms)
			BackupInstance (0ms)
			ReleaseScriptingObjects (0ms)
			CreateAndSetChildDomain (1ms)
		EndReloadAssembly (422ms)
			LoadAssemblies (50ms)
			RebuildTransferFunctionScriptingTraits (0ms)
			SetupTypeCache (136ms)
			ReleaseScriptCaches (0ms)
			RebuildScriptCaches (29ms)
			SetupLoadedEditorAssemblies (163ms)
				LogAssemblyErrors (0ms)
				InitializePlatformSupportModulesInManaged (4ms)
				SetLoadedEditorAssemblies (0ms)
				RefreshPlugins (36ms)
				BeforeProcessingInitializeOnLoad (8ms)
				ProcessInitializeOnLoadAttributes (84ms)
				ProcessInitializeOnLoadMethodAttributes (29ms)
				AfterProcessingInitializeOnLoad (0ms)
				EditorAssembliesLoaded (0ms)
			ExecutionOrderSort2 (0ms)
			AwakeInstancesAfterBackupRestoration (0ms)
Platform modules already initialized, skipping
Registering precompiled user dll's ...
Registered in 0.003538 seconds.
Begin MonoManager ReloadAssembly
Native extension for WindowsStandalone target not found
Refreshing native plugins compatible for Editor in 35.45 ms, found 2 plugins.
Preloading 0 native plugins for Editor in 0.00 ms.
Mono: successfully reloaded assembly
- Completed reload, in  1.108 seconds
Domain Reload Profiling:
	ReloadAssembly (1109ms)
		BeginReloadAssembly (140ms)
			ExecutionOrderSort (0ms)
			DisableScriptedObjects (4ms)
			BackupInstance (0ms)
			ReleaseScriptingObjects (0ms)
			CreateAndSetChildDomain (15ms)
		EndReloadAssembly (910ms)
			LoadAssemblies (86ms)
			RebuildTransferFunctionScriptingTraits (0ms)
			SetupTypeCache (271ms)
			ReleaseScriptCaches (0ms)
			RebuildScriptCaches (51ms)
			SetupLoadedEditorAssemblies (351ms)
				LogAssemblyErrors (0ms)
				InitializePlatformSupportModulesInManaged (4ms)
				SetLoadedEditorAssemblies (0ms)
				RefreshPlugins (36ms)
				BeforeProcessingInitializeOnLoad (54ms)
				ProcessInitializeOnLoadAttributes (241ms)
				ProcessInitializeOnLoadMethodAttributes (9ms)
				AfterProcessingInitializeOnLoad (7ms)
				EditorAssembliesLoaded (0ms)
			ExecutionOrderSort2 (0ms)
			AwakeInstancesAfterBackupRestoration (6ms)
Platform modules already initialized, skipping
========================================================================
Worker process is ready to serve import requests
Launched and connected shader compiler UnityShaderCompiler.exe after 0.04 seconds
Refreshing native plugins compatible for Editor in 0.25 ms, found 2 plugins.
Preloading 0 native plugins for Editor in 0.00 ms.
Unloading 1935 Unused Serialized files (Serialized files now loaded: 0)
System memory in use before: 84.0 MB.
System memory in use after: 84.1 MB.

Unloading 22 unused Assets to reduce memory usage. Loaded Objects now: 2369.
Total: 1.984900 ms (FindLiveObjects: 0.095400 ms CreateObjectMapping: 0.028700 ms MarkObjects: 1.811100 ms  DeleteObjects: 0.048700 ms)

AssetImportParameters requested are different than current active one (requested -> active):
  custom:framework-win-MediaFoundation: 216162199b28c13a410421893ffa2e32 -> 
  custom:video-decoder-ogg-theora: a1e56fd34408186e4bbccfd4996cb3dc -> 
  custom:container-muxer-webm: aa71ff27fc2769a1b78a27578f13a17b -> 
  custom:container-demuxer-webm: 4f35f7cbe854078d1ac9338744f61a02 -> 
  custom:container-demuxer-ogg: 62fdf1f143b41e24485cea50d1cbac27 -> 
  custom:video-encoder-webm-vp8: eb34c28f22e8b96e1ab97ce403110664 -> 
  custom:video-decoder-webm-vp8: 9c59270c3fd7afecdb556c50c9e8de78 -> 
  custom:audio-decoder-ogg-vorbis: bf7c407c2cedff20999df2af8eb42d56 -> 
  custom:audio-encoder-webm-vorbis: bf7c407c2cedff20999df2af8eb42d56 -> 
========================================================================
Received Import Request.
  path: Assets/Scenes
  artifactKey: Guid(b47b9b4676719d048b33586afc4b491c) Importer(815301076,1909f56bfc062723c751e8b465ee728b)
Start importing Assets/Scenes using Guid(b47b9b4676719d048b33586afc4b491c) Importer(815301076,1909f56bfc062723c751e8b465ee728b)  -> (artifact id: '5e0d480378d3207b5cf0380655d30f2f') in 0.007127 seconds 
  Import took 0.009267 seconds .

========================================================================
Received Import Request.
  Time since last request: 0.000136 seconds.
  path: Assets/Scenes/SampleScene.unity
  artifactKey: Guid(9fc0d4010bbf28b4594072e72b8655ab) Importer(815301076,1909f56bfc062723c751e8b465ee728b)
Start importing Assets/Scenes/SampleScene.unity using Guid(9fc0d4010bbf28b4594072e72b8655ab) Importer(815301076,1909f56bfc062723c751e8b465ee728b)  -> (artifact id: '41f6355320d1d642d8831827eb4840c2') in 0.011907 seconds 
  Import took 0.014369 seconds .

========================================================================
Received Import Request.
  Time since last request: 0.000125 seconds.
  path: Assets/Scenes/3D_Art_Test.unity
  artifactKey: Guid(5d34d562f70c47b4b97e341a7433336c) Importer(815301076,1909f56bfc062723c751e8b465ee728b)
Start importing Assets/Scenes/3D_Art_Test.unity using Guid(5d34d562f70c47b4b97e341a7433336c) Importer(815301076,1909f56bfc062723c751e8b465ee728b)  -> (artifact id: '3cf4303318b778b34b8d8bf6f3a4410a') in 0.004495 seconds 
  Import took 0.006588 seconds .

========================================================================
Received Import Request.
  Time since last request: 27.341896 seconds.
  path: Assets/3D Textures and Mats/Body.mat
  artifactKey: Guid(57fab562f45bacf4d9c02f982acd31eb) Importer(815301076,1909f56bfc062723c751e8b465ee728b)
Start importing Assets/3D Textures and Mats/Body.mat using Guid(57fab562f45bacf4d9c02f982acd31eb) Importer(815301076,1909f56bfc062723c751e8b465ee728b)  -> (artifact id: '01438c7b5db3365322caa0ac0e44ce66') in 0.098352 seconds 
  Import took 0.105658 seconds .

========================================================================
Received Import Request.
  Time since last request: 0.000141 seconds.
  path: Assets/3D Textures and Mats/FloatingLand_2_Land2_Normal.png
  artifactKey: Guid(07b60b38caccf04478de602f8d2ea243) Importer(815301076,1909f56bfc062723c751e8b465ee728b)
Start importing Assets/3D Textures and Mats/FloatingLand_2_Land2_Normal.png using Guid(07b60b38caccf04478de602f8d2ea243) Importer(815301076,1909f56bfc062723c751e8b465ee728b)  -> (artifact id: '01eac076597b777c3cde2e735081088b') in 0.035943 seconds 
  Import took 0.038483 seconds .

========================================================================
Received Import Request.
  Time since last request: 0.000150 seconds.
  path: Assets/3D Textures and Mats/Screenshot 2022-01-29 183451.png
  artifactKey: Guid(7e0ea553317e3554698949f923290c18) Importer(815301076,1909f56bfc062723c751e8b465ee728b)
Start importing Assets/3D Textures and Mats/Screenshot 2022-01-29 183451.png using Guid(7e0ea553317e3554698949f923290c18) Importer(815301076,1909f56bfc062723c751e8b465ee728b)  -> (artifact id: 'e146af1668c82bef56947d12ad6f81b3') in 0.011245 seconds 
  Import took 0.013655 seconds .

========================================================================
Received Import Request.
  Time since last request: 0.000122 seconds.
  path: Assets/3D Textures and Mats/Screenshot 2022-01-29 183408.png
  artifactKey: Guid(6c56b34a77662b94ea1d4ff0d278e72b) Importer(815301076,1909f56bfc062723c751e8b465ee728b)
Start importing Assets/3D Textures and Mats/Screenshot 2022-01-29 183408.png using Guid(6c56b34a77662b94ea1d4ff0d278e72b) Importer(815301076,1909f56bfc062723c751e8b465ee728b)  -> (artifact id: 'f13fd7d97f6951dc5a3e855fb1dcafe2') in 0.010107 seconds 
  Import took 0.012542 seconds .

========================================================================
Received Import Request.
  Time since last request: 0.000142 seconds.
  path: Assets/3D Textures and Mats/FloatingLand_1_Land1_Normal.png
  artifactKey: Guid(7e44ac36c5cfe2947b909b9540e2d8b4) Importer(815301076,1909f56bfc062723c751e8b465ee728b)
Start importing Assets/3D Textures and Mats/FloatingLand_1_Land1_Normal.png using Guid(7e44ac36c5cfe2947b909b9540e2d8b4) Importer(815301076,1909f56bfc062723c751e8b465ee728b)  -> (artifact id: '2172d6716dd1952badf0389851cb7c9a') in 0.010887 seconds 
  Import took 0.013564 seconds .

========================================================================
Received Import Request.
  Time since last request: 1.841398 seconds.
  path: Assets/3D Textures and Mats/Materials
  artifactKey: Guid(475cb7ec5e66b4f41a9d7e88fdfb60df) Importer(815301076,1909f56bfc062723c751e8b465ee728b)
Start importing Assets/3D Textures and Mats/Materials using Guid(475cb7ec5e66b4f41a9d7e88fdfb60df) Importer(815301076,1909f56bfc062723c751e8b465ee728b)  -> (artifact id: '80e91ddc54402ade1db8a30ded83597b') in 0.005785 seconds 
  Import took 0.008424 seconds .

========================================================================
Received Import Request.
  Time since last request: 0.045841 seconds.
  path: Assets/3D Textures and Mats/Materials/FloatingLand_1_Land1_AlbedoTransparency.mat
  artifactKey: Guid(614598ee7ee365146ad25d565ab4683b) Importer(815301076,1909f56bfc062723c751e8b465ee728b)
Start importing Assets/3D Textures and Mats/Materials/FloatingLand_1_Land1_AlbedoTransparency.mat using Guid(614598ee7ee365146ad25d565ab4683b) Importer(815301076,1909f56bfc062723c751e8b465ee728b)  -> (artifact id: 'ecc248d3b167eeb28f0b131d899349c9') in 0.013113 seconds 
  Import took 0.015734 seconds .

========================================================================
Received Prepare
Refreshing native plugins compatible for Editor in 3.37 ms, found 2 plugins.
Preloading 0 native plugins for Editor in 0.00 ms.
Unloading 12 Unused Serialized files (Serialized files now loaded: 0)
System memory in use before: 49.1 MB.
System memory in use after: 49.2 MB.

Unloading 12 unused Assets to reduce memory usage. Loaded Objects now: 2412.
Total: 2.884500 ms (FindLiveObjects: 0.190500 ms CreateObjectMapping: 0.042600 ms MarkObjects: 2.638200 ms  DeleteObjects: 0.012400 ms)

AssetImportParameters requested are different than current active one (requested -> active):
  custom:framework-win-MediaFoundation: 216162199b28c13a410421893ffa2e32 -> 
  custom:video-decoder-ogg-theora: a1e56fd34408186e4bbccfd4996cb3dc -> 
  custom:container-muxer-webm: aa71ff27fc2769a1b78a27578f13a17b -> 
  custom:container-demuxer-webm: 4f35f7cbe854078d1ac9338744f61a02 -> 
  custom:container-demuxer-ogg: 62fdf1f143b41e24485cea50d1cbac27 -> 
  custom:video-encoder-webm-vp8: eb34c28f22e8b96e1ab97ce403110664 -> 
  custom:video-decoder-webm-vp8: 9c59270c3fd7afecdb556c50c9e8de78 -> 
  custom:audio-decoder-ogg-vorbis: bf7c407c2cedff20999df2af8eb42d56 -> 
  custom:audio-encoder-webm-vorbis: bf7c407c2cedff20999df2af8eb42d56 -> 
========================================================================
Received Import Request.
  Time since last request: 75.942383 seconds.
  path: Assets/3D Assets/Man (1).fbx
  artifactKey: Guid(2b18b2e6796ce934c8b8ca66ab3d4184) Importer(815301076,1909f56bfc062723c751e8b465ee728b)
Start importing Assets/3D Assets/Man (1).fbx using Guid(2b18b2e6796ce934c8b8ca66ab3d4184) Importer(815301076,1909f56bfc062723c751e8b465ee728b)  -> (artifact id: 'a1022be388904623bd96b32c7a2adaed') in 0.052885 seconds 
  Import took 0.060105 seconds .

========================================================================
Received Import Request.
  Time since last request: 0.000203 seconds.
  path: Assets/3D Assets/man_merged (1).fbx
  artifactKey: Guid(a25166e4ea2dc5b4c9710ccc9033da24) Importer(815301076,1909f56bfc062723c751e8b465ee728b)
Start importing Assets/3D Assets/man_merged (1).fbx using Guid(a25166e4ea2dc5b4c9710ccc9033da24) Importer(815301076,1909f56bfc062723c751e8b465ee728b)  -> (artifact id: 'ac0f3a8570cfdbb3e94b76fe7b0f4d4d') in 0.021256 seconds 
  Import took 0.023918 seconds .

========================================================================
Received Import Request.
  Time since last request: 0.000401 seconds.
  path: Assets/3D Assets/man_merged_(1).fbx
  artifactKey: Guid(d44b081202359a44c837068209942a3b) Importer(815301076,1909f56bfc062723c751e8b465ee728b)
Start importing Assets/3D Assets/man_merged_(1).fbx using Guid(d44b081202359a44c837068209942a3b) Importer(815301076,1909f56bfc062723c751e8b465ee728b)  -> (artifact id: '9141b265314e5f3eab744bbb0942c331') in 0.050872 seconds 
  Import took 0.053898 seconds .

========================================================================
Received Import Request.
  Time since last request: 0.000163 seconds.
  path: Assets/3D Assets/Man_(1).fbx
  artifactKey: Guid(f7638b21dadf8ec488deeb25baed56ca) Importer(815301076,1909f56bfc062723c751e8b465ee728b)
Start importing Assets/3D Assets/Man_(1).fbx using Guid(f7638b21dadf8ec488deeb25baed56ca) Importer(815301076,1909f56bfc062723c751e8b465ee728b)  -> (artifact id: '6f08fdf58e68ec03899221e6072f1ba3') in 0.021993 seconds 
  Import took 0.024480 seconds .

========================================================================
Received Import Request.
  Time since last request: 0.000116 seconds.
  path: Assets/3D Assets/Walking (2).fbx
  artifactKey: Guid(b9cf1886baf7ec548a4c1223fe9bbdf2) Importer(815301076,1909f56bfc062723c751e8b465ee728b)
Start importing Assets/3D Assets/Walking (2).fbx using Guid(b9cf1886baf7ec548a4c1223fe9bbdf2) Importer(815301076,1909f56bfc062723c751e8b465ee728b)  -> (artifact id: 'c6ba38b371a6246458ae12c685c7094c') in 0.022961 seconds 
  Import took 0.025464 seconds .

========================================================================
Received Import Request.
  Time since last request: 80.620639 seconds.
  path: Assets/3D Assets/Environment
  artifactKey: Guid(48e28aba4123ecd4bbf376990e355b6e) Importer(815301076,1909f56bfc062723c751e8b465ee728b)
Start importing Assets/3D Assets/Environment using Guid(48e28aba4123ecd4bbf376990e355b6e) Importer(815301076,1909f56bfc062723c751e8b465ee728b)  -> (artifact id: '877e18503fd4f8ecd34a84f7fd683720') in 0.005317 seconds 
  Import took 0.008376 seconds .

========================================================================
Received Import Request.
  Time since last request: 28.362399 seconds.
  path: Assets/3D Assets/Environment/CandyCane.fbx
  artifactKey: Guid(8c3aaa4fb3a20b347bcf1b2c221e41ea) Importer(815301076,1909f56bfc062723c751e8b465ee728b)
Start importing Assets/3D Assets/Environment/CandyCane.fbx using Guid(8c3aaa4fb3a20b347bcf1b2c221e41ea) Importer(815301076,1909f56bfc062723c751e8b465ee728b)  -> (artifact id: '01e60d99fb347307a69d435647e719b1') in 0.032398 seconds 
  Import took 0.035086 seconds .

========================================================================
Received Import Request.
  Time since last request: 0.000156 seconds.
  path: Assets/3D Assets/Environment/IceCreamCone.fbx
  artifactKey: Guid(cc63cce4772559f4ea3a9ba9001b1137) Importer(815301076,1909f56bfc062723c751e8b465ee728b)
Start importing Assets/3D Assets/Environment/IceCreamCone.fbx using Guid(cc63cce4772559f4ea3a9ba9001b1137) Importer(815301076,1909f56bfc062723c751e8b465ee728b)  -> (artifact id: 'b9a38e2b6f0beffd4ca2aa4ae5429b69') in 0.016068 seconds 
  Import took 0.018441 seconds .

========================================================================
Received Import Request.
  Time since last request: 0.000214 seconds.
  path: Assets/3D Assets/Environment/egg.fbx
  artifactKey: Guid(6dd0245900d86f847b15e100b757dcb5) Importer(815301076,1909f56bfc062723c751e8b465ee728b)
Start importing Assets/3D Assets/Environment/egg.fbx using Guid(6dd0245900d86f847b15e100b757dcb5) Importer(815301076,1909f56bfc062723c751e8b465ee728b)  -> (artifact id: 'a18a238163988b3f77451d8322c7090a') in 0.016775 seconds 
  Import took 0.019318 seconds .

========================================================================
Received Import Request.
  Time since last request: 0.000158 seconds.
  path: Assets/3D Assets/Environment/LolliPopFlat.fbx
  artifactKey: Guid(b9fb54071525dd44e85d72f88a37a08d) Importer(815301076,1909f56bfc062723c751e8b465ee728b)
Start importing Assets/3D Assets/Environment/LolliPopFlat.fbx using Guid(b9fb54071525dd44e85d72f88a37a08d) Importer(815301076,1909f56bfc062723c751e8b465ee728b)  -> (artifact id: 'ea523befe43065944ed38f7bcb8fdd24') in 0.026719 seconds 
  Import took 0.029141 seconds .

========================================================================
Received Import Request.
  Time since last request: 0.000194 seconds.
  path: Assets/3D Assets/Environment/IceCreamHill.fbx
  artifactKey: Guid(eea934b869676a041bab91c6bc3ceb64) Importer(815301076,1909f56bfc062723c751e8b465ee728b)
Start importing Assets/3D Assets/Environment/IceCreamHill.fbx using Guid(eea934b869676a041bab91c6bc3ceb64) Importer(815301076,1909f56bfc062723c751e8b465ee728b)  -> (artifact id: '3e52bb1936b379415acbf7f86c936b69') in 0.017183 seconds 
  Import took 0.019642 seconds .

========================================================================
Received Import Request.
  Time since last request: 0.000189 seconds.
  path: Assets/3D Assets/Environment/GumDrop.fbx
  artifactKey: Guid(12c5c3e7dbb026a4499e92dab1f93c26) Importer(815301076,1909f56bfc062723c751e8b465ee728b)
Start importing Assets/3D Assets/Environment/GumDrop.fbx using Guid(12c5c3e7dbb026a4499e92dab1f93c26) Importer(815301076,1909f56bfc062723c751e8b465ee728b)  -> (artifact id: 'f50abac6545a6e5188e92b43cc0eb47c') in 0.019571 seconds 
  Import took 0.022153 seconds .

========================================================================
Received Import Request.
  Time since last request: 0.000200 seconds.
  path: Assets/3D Assets/Environment/RoundLolliPop.fbx
  artifactKey: Guid(5a72171d7eb68804d9219525ecdaf784) Importer(815301076,1909f56bfc062723c751e8b465ee728b)
Start importing Assets/3D Assets/Environment/RoundLolliPop.fbx using Guid(5a72171d7eb68804d9219525ecdaf784) Importer(815301076,1909f56bfc062723c751e8b465ee728b)  -> (artifact id: '5f148538d8a5e3f45b49c9e0a9326139') in 0.025643 seconds 
  Import took 0.028173 seconds .

========================================================================
Received Import Request.
  Time since last request: 0.000179 seconds.
  path: Assets/3D Assets/Environment/Cloud1.fbx
  artifactKey: Guid(5a2c2cd0b9c8713489cc68bb112d637c) Importer(815301076,1909f56bfc062723c751e8b465ee728b)
Start importing Assets/3D Assets/Environment/Cloud1.fbx using Guid(5a2c2cd0b9c8713489cc68bb112d637c) Importer(815301076,1909f56bfc062723c751e8b465ee728b)  -> (artifact id: '818a516ccd47eb49d6cd6e9f173e36f2') in 0.016893 seconds 
  Import took 0.019470 seconds .

========================================================================
Received Prepare
Registering precompiled user dll's ...
Registered in 0.003716 seconds.
Begin MonoManager ReloadAssembly
Native extension for WindowsStandalone target not found
Refreshing native plugins compatible for Editor in 0.36 ms, found 2 plugins.
Preloading 0 native plugins for Editor in 0.00 ms.
Mono: successfully reloaded assembly
- Completed reload, in  0.915 seconds
Domain Reload Profiling:
	ReloadAssembly (915ms)
		BeginReloadAssembly (107ms)
			ExecutionOrderSort (0ms)
			DisableScriptedObjects (4ms)
			BackupInstance (0ms)
			ReleaseScriptingObjects (0ms)
			CreateAndSetChildDomain (27ms)
		EndReloadAssembly (752ms)
			LoadAssemblies (78ms)
			RebuildTransferFunctionScriptingTraits (0ms)
			SetupTypeCache (253ms)
			ReleaseScriptCaches (1ms)
			RebuildScriptCaches (37ms)
			SetupLoadedEditorAssemblies (284ms)
				LogAssemblyErrors (0ms)
				InitializePlatformSupportModulesInManaged (4ms)
				SetLoadedEditorAssemblies (0ms)
				RefreshPlugins (0ms)
				BeforeProcessingInitializeOnLoad (44ms)
				ProcessInitializeOnLoadAttributes (221ms)
				ProcessInitializeOnLoadMethodAttributes (8ms)
				AfterProcessingInitializeOnLoad (6ms)
				EditorAssembliesLoaded (0ms)
			ExecutionOrderSort2 (0ms)
			AwakeInstancesAfterBackupRestoration (6ms)
Platform modules already initialized, skipping
Refreshing native plugins compatible for Editor in 0.36 ms, found 2 plugins.
Preloading 0 native plugins for Editor in 0.00 ms.
Unloading 1926 Unused Serialized files (Serialized files now loaded: 0)
System memory in use before: 100.8 MB.
System memory in use after: 101.0 MB.

Unloading 15 unused Assets to reduce memory usage. Loaded Objects now: 2418.
Total: 2.726700 ms (FindLiveObjects: 0.194700 ms CreateObjectMapping: 0.045900 ms MarkObjects: 2.469300 ms  DeleteObjects: 0.015900 ms)

AssetImportParameters requested are different than current active one (requested -> active):
  custom:framework-win-MediaFoundation: 216162199b28c13a410421893ffa2e32 -> 
  custom:video-decoder-ogg-theora: a1e56fd34408186e4bbccfd4996cb3dc -> 
  custom:container-muxer-webm: aa71ff27fc2769a1b78a27578f13a17b -> 
  custom:container-demuxer-webm: 4f35f7cbe854078d1ac9338744f61a02 -> 
  custom:container-demuxer-ogg: 62fdf1f143b41e24485cea50d1cbac27 -> 
  custom:video-encoder-webm-vp8: eb34c28f22e8b96e1ab97ce403110664 -> 
  custom:video-decoder-webm-vp8: 9c59270c3fd7afecdb556c50c9e8de78 -> 
  custom:audio-decoder-ogg-vorbis: bf7c407c2cedff20999df2af8eb42d56 -> 
  custom:audio-encoder-webm-vorbis: bf7c407c2cedff20999df2af8eb42d56 -> 
========================================================================
Received Import Request.
  Time since last request: 437.804890 seconds.
  path: Assets/3D Textures and Mats/egg_egg2_AlbedoTransparency.png
  artifactKey: Guid(155beca5ec0d6fd4787bc308595a50f9) Importer(815301076,1909f56bfc062723c751e8b465ee728b)
Start importing Assets/3D Textures and Mats/egg_egg2_AlbedoTransparency.png using Guid(155beca5ec0d6fd4787bc308595a50f9) Importer(815301076,1909f56bfc062723c751e8b465ee728b)  -> (artifact id: 'cb0d7bafdbfa812a9d28e5967f31a47e') in 0.034750 seconds 
  Import took 0.037294 seconds .

========================================================================
Received Import Request.
  Time since last request: 0.000139 seconds.
  path: Assets/3D Textures and Mats/IceCreamCone EX_IceCreamCone_Normal.png
  artifactKey: Guid(80b337b40b556e6489eed63d9a563d57) Importer(815301076,1909f56bfc062723c751e8b465ee728b)
Start importing Assets/3D Textures and Mats/IceCreamCone EX_IceCreamCone_Normal.png using Guid(80b337b40b556e6489eed63d9a563d57) Importer(815301076,1909f56bfc062723c751e8b465ee728b)  -> (artifact id: '7dae320c7b4e3ae367225d9327e05795') in 0.013007 seconds 
  Import took 0.015514 seconds .

========================================================================
Received Import Request.
  Time since last request: 0.000130 seconds.
  path: Assets/3D Textures and Mats/egg_egg1_MetallicSmoothness.png
  artifactKey: Guid(cc534ac8d1f1cc7438c210ce4645af79) Importer(815301076,1909f56bfc062723c751e8b465ee728b)
Start importing Assets/3D Textures and Mats/egg_egg1_MetallicSmoothness.png using Guid(cc534ac8d1f1cc7438c210ce4645af79) Importer(815301076,1909f56bfc062723c751e8b465ee728b)  -> (artifact id: '65c09344d354df56752d6d88b8307e29') in 0.020033 seconds 
  Import took 0.022449 seconds .

========================================================================
Received Import Request.
  Time since last request: 0.000165 seconds.
  path: Assets/3D Textures and Mats/IceCreamHill_IcecreamBall_3_AlbedoTransparency.png
  artifactKey: Guid(a92e04eb74056cd4a982ac784b7dca1d) Importer(815301076,1909f56bfc062723c751e8b465ee728b)
Start importing Assets/3D Textures and Mats/IceCreamHill_IcecreamBall_3_AlbedoTransparency.png using Guid(a92e04eb74056cd4a982ac784b7dca1d) Importer(815301076,1909f56bfc062723c751e8b465ee728b)  -> (artifact id: '877e4dc44dd8157f19932555f5e24c5b') in 0.009705 seconds 
  Import took 0.012225 seconds .

========================================================================
Received Import Request.
  Time since last request: 0.000155 seconds.
  path: Assets/3D Textures and Mats/LolliPopFlat_LolliPopFlat_Green_MetallicSmoothness.png
  artifactKey: Guid(88c5c1fa82746e642a2ccac159bbf4a5) Importer(815301076,1909f56bfc062723c751e8b465ee728b)
Start importing Assets/3D Textures and Mats/LolliPopFlat_LolliPopFlat_Green_MetallicSmoothness.png using Guid(88c5c1fa82746e642a2ccac159bbf4a5) Importer(815301076,1909f56bfc062723c751e8b465ee728b)  -> (artifact id: '649ec467b499fb812655907f1821b8b3') in 0.010962 seconds 
  Import took 0.013361 seconds .

========================================================================
Received Import Request.
  Time since last request: 0.000125 seconds.
  path: Assets/3D Textures and Mats/IceCreamCone EX_IceCreamCone_MetallicSmoothness.png
  artifactKey: Guid(db1d00fa7495dd740aad280ef7863ba9) Importer(815301076,1909f56bfc062723c751e8b465ee728b)
Start importing Assets/3D Textures and Mats/IceCreamCone EX_IceCreamCone_MetallicSmoothness.png using Guid(db1d00fa7495dd740aad280ef7863ba9) Importer(815301076,1909f56bfc062723c751e8b465ee728b)  -> (artifact id: '9cc37f73d101886a147a8d17c951cc42') in 0.010900 seconds 
  Import took 0.013267 seconds .

========================================================================
Received Import Request.
  Time since last request: 0.000126 seconds.
  path: Assets/3D Textures and Mats/LolliPopFlat_LolliPopFlat_Green_Normal.png
  artifactKey: Guid(c4f7f2ff9d65f70499ba1a4304e5cc0f) Importer(815301076,1909f56bfc062723c751e8b465ee728b)
Start importing Assets/3D Textures and Mats/LolliPopFlat_LolliPopFlat_Green_Normal.png using Guid(c4f7f2ff9d65f70499ba1a4304e5cc0f) Importer(815301076,1909f56bfc062723c751e8b465ee728b)  -> (artifact id: '2147e9e45987c4dc03d9709038d38812') in 0.009332 seconds 
  Import took 0.011694 seconds .

========================================================================
Received Import Request.
  Time since last request: 0.000134 seconds.
  path: Assets/3D Textures and Mats/RoundLolliPop_RoundLolliPop_Red_MetallicSmoothness.png
  artifactKey: Guid(be613d52517fc0e43b2c99e4120e66d0) Importer(815301076,1909f56bfc062723c751e8b465ee728b)
Start importing Assets/3D Textures and Mats/RoundLolliPop_RoundLolliPop_Red_MetallicSmoothness.png using Guid(be613d52517fc0e43b2c99e4120e66d0) Importer(815301076,1909f56bfc062723c751e8b465ee728b)  -> (artifact id: 'c217b78490f1f3c242254f7589f1b2b1') in 0.011572 seconds 
  Import took 0.013928 seconds .

========================================================================
Received Import Request.
  Time since last request: 0.000121 seconds.
  path: Assets/3D Textures and Mats/GumDrop_Gumball Yellow_AlbedoTransparency.png
  artifactKey: Guid(e3a999fcbd5e89b4ebdbcd667ae032fc) Importer(815301076,1909f56bfc062723c751e8b465ee728b)
Start importing Assets/3D Textures and Mats/GumDrop_Gumball Yellow_AlbedoTransparency.png using Guid(e3a999fcbd5e89b4ebdbcd667ae032fc) Importer(815301076,1909f56bfc062723c751e8b465ee728b)  -> (artifact id: '966b76246d44eb18794babb9d3d2ca24') in 0.008728 seconds 
  Import took 0.011049 seconds .

========================================================================
Received Import Request.
  Time since last request: 0.000131 seconds.
  path: Assets/3D Textures and Mats/IceCreamCone EX_IceCreamCone_AlbedoTransparency.png
  artifactKey: Guid(1399c2e34de6c5b4ba9b31109ec667e9) Importer(815301076,1909f56bfc062723c751e8b465ee728b)
Start importing Assets/3D Textures and Mats/IceCreamCone EX_IceCreamCone_AlbedoTransparency.png using Guid(1399c2e34de6c5b4ba9b31109ec667e9) Importer(815301076,1909f56bfc062723c751e8b465ee728b)  -> (artifact id: '858697609e88108096a91b948f0f4b4b') in 0.010389 seconds 
  Import took 0.012980 seconds .

========================================================================
Received Import Request.
  Time since last request: 0.000176 seconds.
  path: Assets/3D Textures and Mats/GumDrop_Gumball Blue_MetallicSmoothness.png
  artifactKey: Guid(48e9e03a067ad4c4b85e5b78890ffd4a) Importer(815301076,1909f56bfc062723c751e8b465ee728b)
Start importing Assets/3D Textures and Mats/GumDrop_Gumball Blue_MetallicSmoothness.png using Guid(48e9e03a067ad4c4b85e5b78890ffd4a) Importer(815301076,1909f56bfc062723c751e8b465ee728b)  -> (artifact id: '7e8278da2553c9a6f7647bfcc8f50c10') in 0.016898 seconds 
  Import took 0.019482 seconds .

========================================================================
Received Import Request.
  Time since last request: 0.000145 seconds.
  path: Assets/3D Textures and Mats/LolliPopFlat_LolliPopFlat_Yellow_AlbedoTransparency.png
  artifactKey: Guid(8f3d113e01e8e2f4d931dd749deda60c) Importer(815301076,1909f56bfc062723c751e8b465ee728b)
Start importing Assets/3D Textures and Mats/LolliPopFlat_LolliPopFlat_Yellow_AlbedoTransparency.png using Guid(8f3d113e01e8e2f4d931dd749deda60c) Importer(815301076,1909f56bfc062723c751e8b465ee728b)  -> (artifact id: 'dac3f97b32ff0f75e387502a8ebbdeac') in 0.011574 seconds 
  Import took 0.014053 seconds .

========================================================================
Received Import Request.
  Time since last request: 0.000128 seconds.
  path: Assets/3D Textures and Mats/LolliPopFlat_LolliPopFlat_Yellow_MetallicSmoothness.png
  artifactKey: Guid(19054fcef8481854488d0300dd6be13c) Importer(815301076,1909f56bfc062723c751e8b465ee728b)
Start importing Assets/3D Textures and Mats/LolliPopFlat_LolliPopFlat_Yellow_MetallicSmoothness.png using Guid(19054fcef8481854488d0300dd6be13c) Importer(815301076,1909f56bfc062723c751e8b465ee728b)  -> (artifact id: 'c7458ae920fa6f032be93657702d947b') in 0.009804 seconds 
  Import took 0.012248 seconds .

========================================================================
Received Import Request.
  Time since last request: 0.000125 seconds.
  path: Assets/3D Textures and Mats/GumDrop_Gumball Blue_Normal.png
  artifactKey: Guid(9ac2ed2195d6ca141a4835ccb147c6ab) Importer(815301076,1909f56bfc062723c751e8b465ee728b)
Start importing Assets/3D Textures and Mats/GumDrop_Gumball Blue_Normal.png using Guid(9ac2ed2195d6ca141a4835ccb147c6ab) Importer(815301076,1909f56bfc062723c751e8b465ee728b)  -> (artifact id: '827381eb75f6ba117464f6df072c0948') in 0.009322 seconds 
  Import took 0.011710 seconds .

========================================================================
Received Import Request.
  Time since last request: 0.000172 seconds.
  path: Assets/3D Textures and Mats/Cloud_Single_cloud_AlbedoTransparency.png
  artifactKey: Guid(458a7f408f9b93b4d94a6888bdcec50e) Importer(815301076,1909f56bfc062723c751e8b465ee728b)
Start importing Assets/3D Textures and Mats/Cloud_Single_cloud_AlbedoTransparency.png using Guid(458a7f408f9b93b4d94a6888bdcec50e) Importer(815301076,1909f56bfc062723c751e8b465ee728b)  -> (artifact id: '77241bca2ae8595e4821963637949b20') in 0.009271 seconds 
  Import took 0.011602 seconds .

========================================================================
Received Import Request.
  Time since last request: 0.000137 seconds.
  path: Assets/3D Textures and Mats/GumDrop_Gumball Pink_AlbedoTransparency.png
  artifactKey: Guid(3f41a3fb902d46b4982e9754b6e2afbd) Importer(815301076,1909f56bfc062723c751e8b465ee728b)
Start importing Assets/3D Textures and Mats/GumDrop_Gumball Pink_AlbedoTransparency.png using Guid(3f41a3fb902d46b4982e9754b6e2afbd) Importer(815301076,1909f56bfc062723c751e8b465ee728b)  -> (artifact id: '72abf26894adb79b0551c37002a53cae') in 0.010061 seconds 
  Import took 0.012439 seconds .

========================================================================
Received Import Request.
  Time since last request: 0.000120 seconds.
  path: Assets/3D Textures and Mats/IceCreamHill_IcecreamBall_3_MetallicSmoothness.png
  artifactKey: Guid(99bb6fc70c3e8514ea21eabf5f7a7af8) Importer(815301076,1909f56bfc062723c751e8b465ee728b)
Start importing Assets/3D Textures and Mats/IceCreamHill_IcecreamBall_3_MetallicSmoothness.png using Guid(99bb6fc70c3e8514ea21eabf5f7a7af8) Importer(815301076,1909f56bfc062723c751e8b465ee728b)  -> (artifact id: '4807e26be0a6ccaf740bd2511f0b428c') in 0.009972 seconds 
  Import took 0.012475 seconds .

========================================================================
Received Import Request.
  Time since last request: 0.000120 seconds.
  path: Assets/3D Textures and Mats/GumDrop_Gumball Red_AlbedoTransparency.png
  artifactKey: Guid(3b5e63699b18cab498a53a4c29de56e1) Importer(815301076,1909f56bfc062723c751e8b465ee728b)
Start importing Assets/3D Textures and Mats/GumDrop_Gumball Red_AlbedoTransparency.png using Guid(3b5e63699b18cab498a53a4c29de56e1) Importer(815301076,1909f56bfc062723c751e8b465ee728b)  -> (artifact id: '1a617ce0937d297789a47edad692ddde') in 0.009409 seconds 
  Import took 0.011807 seconds .

========================================================================
Received Import Request.
  Time since last request: 0.000139 seconds.
  path: Assets/3D Textures and Mats/GumDrop_Gumball Green_AlbedoTransparency.png
  artifactKey: Guid(94f0e84ec6c36d6438f8d9344ed18415) Importer(815301076,1909f56bfc062723c751e8b465ee728b)
Start importing Assets/3D Textures and Mats/GumDrop_Gumball Green_AlbedoTransparency.png using Guid(94f0e84ec6c36d6438f8d9344ed18415) Importer(815301076,1909f56bfc062723c751e8b465ee728b)  -> (artifact id: 'f93e7925c53c47c96d824e1066d5eaa6') in 0.009617 seconds 
  Import took 0.012034 seconds .

========================================================================
Received Import Request.
  Time since last request: 0.000133 seconds.
  path: Assets/3D Textures and Mats/GumDrop_Gumball Blue_AlbedoTransparency.png
  artifactKey: Guid(78f017c6b405fea429f79b30d6c573a8) Importer(815301076,1909f56bfc062723c751e8b465ee728b)
Start importing Assets/3D Textures and Mats/GumDrop_Gumball Blue_AlbedoTransparency.png using Guid(78f017c6b405fea429f79b30d6c573a8) Importer(815301076,1909f56bfc062723c751e8b465ee728b)  -> (artifact id: 'c5d1bbc267254f0509674f2029f1e178') in 0.009826 seconds 
  Import took 0.012198 seconds .

========================================================================
Received Import Request.
  Time since last request: 0.000122 seconds.
  path: Assets/3D Textures and Mats/IceCreamHill_IcecreamBall_1_Normal.png
  artifactKey: Guid(d7bdbc37973a5994295de6ef5c313126) Importer(815301076,1909f56bfc062723c751e8b465ee728b)
Start importing Assets/3D Textures and Mats/IceCreamHill_IcecreamBall_1_Normal.png using Guid(d7bdbc37973a5994295de6ef5c313126) Importer(815301076,1909f56bfc062723c751e8b465ee728b)  -> (artifact id: '107e0e13a46e4197401d9ad3087cc68b') in 0.009466 seconds 
  Import took 0.011863 seconds .

========================================================================
Received Import Request.
  Time since last request: 0.000130 seconds.
  path: Assets/3D Textures and Mats/IceCreamHill_IcecreamBall_2_Normal.png
  artifactKey: Guid(af6d3ae3635ab0a4482737747ef90565) Importer(815301076,1909f56bfc062723c751e8b465ee728b)
Start importing Assets/3D Textures and Mats/IceCreamHill_IcecreamBall_2_Normal.png using Guid(af6d3ae3635ab0a4482737747ef90565) Importer(815301076,1909f56bfc062723c751e8b465ee728b)  -> (artifact id: '6cef04c6f64332b760b547c7a2a5fb39') in 0.009528 seconds 
  Import took 0.011952 seconds .

========================================================================
Received Import Request.
  Time since last request: 0.000117 seconds.
  path: Assets/3D Textures and Mats/IceCreamHill_IcecreamBall_3_Normal.png
  artifactKey: Guid(71ec8c8ae247f4e40b8ecb71701e4041) Importer(815301076,1909f56bfc062723c751e8b465ee728b)
Start importing Assets/3D Textures and Mats/IceCreamHill_IcecreamBall_3_Normal.png using Guid(71ec8c8ae247f4e40b8ecb71701e4041) Importer(815301076,1909f56bfc062723c751e8b465ee728b)  -> (artifact id: 'b13b7175d65b1529e39553cea208dddf') in 0.010046 seconds 
  Import took 0.012514 seconds .

========================================================================
Received Import Request.
  Time since last request: 0.000134 seconds.
  path: Assets/3D Textures and Mats/CandyCane_candy cane_AlbedoTransparency.png
  artifactKey: Guid(6d411ddfa2d7470489883404372b58f6) Importer(815301076,1909f56bfc062723c751e8b465ee728b)
Start importing Assets/3D Textures and Mats/CandyCane_candy cane_AlbedoTransparency.png using Guid(6d411ddfa2d7470489883404372b58f6) Importer(815301076,1909f56bfc062723c751e8b465ee728b)  -> (artifact id: '188ccb9cb430823f2b3b76917141e468') in 0.009038 seconds 
  Import took 0.011526 seconds .

========================================================================
Received Import Request.
  Time since last request: 0.000117 seconds.
  path: Assets/3D Textures and Mats/IceCreamHill_IcecreamBall_1_MetallicSmoothness.png
  artifactKey: Guid(18413ff44e77d274c8b709e76c6d42f1) Importer(815301076,1909f56bfc062723c751e8b465ee728b)
Start importing Assets/3D Textures and Mats/IceCreamHill_IcecreamBall_1_MetallicSmoothness.png using Guid(18413ff44e77d274c8b709e76c6d42f1) Importer(815301076,1909f56bfc062723c751e8b465ee728b)  -> (artifact id: 'bb8173d09c1e7b9c37f0bb4b4f38a781') in 0.009088 seconds 
  Import took 0.011427 seconds .

========================================================================
Received Import Request.
  Time since last request: 0.000123 seconds.
  path: Assets/3D Textures and Mats/RoundLolliPop_RoundLolliPop_Red_AlbedoTransparency.png
  artifactKey: Guid(419467450f37c4b41b0ff396a0b8a9cd) Importer(815301076,1909f56bfc062723c751e8b465ee728b)
Start importing Assets/3D Textures and Mats/RoundLolliPop_RoundLolliPop_Red_AlbedoTransparency.png using Guid(419467450f37c4b41b0ff396a0b8a9cd) Importer(815301076,1909f56bfc062723c751e8b465ee728b)  -> (artifact id: '0e99b8d101b0837130d257d6a03d98ec') in 0.009339 seconds 
  Import took 0.011687 seconds .

========================================================================
Received Import Request.
  Time since last request: 0.000113 seconds.
  path: Assets/3D Textures and Mats/egg_egg1_AlbedoTransparency.png
  artifactKey: Guid(6e615c09850aa2c419a4ea391c3ffb0e) Importer(815301076,1909f56bfc062723c751e8b465ee728b)
Start importing Assets/3D Textures and Mats/egg_egg1_AlbedoTransparency.png using Guid(6e615c09850aa2c419a4ea391c3ffb0e) Importer(815301076,1909f56bfc062723c751e8b465ee728b)  -> (artifact id: '89b01f1c43ca3c007ae0d4813ff994a8') in 0.009756 seconds 
  Import took 0.012260 seconds .

========================================================================
Received Import Request.
  Time since last request: 0.000116 seconds.
  path: Assets/3D Textures and Mats/RoundLolliPop_RoundLolliPop_Blue_AlbedoTransparency.png
  artifactKey: Guid(d8d187040a1fb5842a82395006064bac) Importer(815301076,1909f56bfc062723c751e8b465ee728b)
Start importing Assets/3D Textures and Mats/RoundLolliPop_RoundLolliPop_Blue_AlbedoTransparency.png using Guid(d8d187040a1fb5842a82395006064bac) Importer(815301076,1909f56bfc062723c751e8b465ee728b)  -> (artifact id: 'c82f6fe8504b61dbccd4c45997df30d1') in 0.008770 seconds 
  Import took 0.011253 seconds .

========================================================================
Received Import Request.
  Time since last request: 0.000133 seconds.
  path: Assets/3D Textures and Mats/RoundLolliPop_RoundLolliPop_Blue_Normal.png
  artifactKey: Guid(91a86dce3d91d0446a72ba0ef58d57dc) Importer(815301076,1909f56bfc062723c751e8b465ee728b)
Start importing Assets/3D Textures and Mats/RoundLolliPop_RoundLolliPop_Blue_Normal.png using Guid(91a86dce3d91d0446a72ba0ef58d57dc) Importer(815301076,1909f56bfc062723c751e8b465ee728b)  -> (artifact id: 'b1e5e840f393f3baf25f8f2b3e265406') in 0.009589 seconds 
  Import took 0.012059 seconds .

========================================================================
Received Import Request.
  Time since last request: 0.000123 seconds.
  path: Assets/3D Textures and Mats/IceCreamHill_IcecreamBall_1_AlbedoTransparency.png
  artifactKey: Guid(f7a3ac8265821644d8e22bfa874078bf) Importer(815301076,1909f56bfc062723c751e8b465ee728b)
Start importing Assets/3D Textures and Mats/IceCreamHill_IcecreamBall_1_AlbedoTransparency.png using Guid(f7a3ac8265821644d8e22bfa874078bf) Importer(815301076,1909f56bfc062723c751e8b465ee728b)  -> (artifact id: 'e0f641d3629e81215312c49bb9bffc5e') in 0.010537 seconds 
  Import took 0.012925 seconds .

========================================================================
Received Import Request.
  Time since last request: 0.000118 seconds.
  path: Assets/3D Textures and Mats/LolliPopFlat_LolliPopFlat_Yellow_Normal.png
  artifactKey: Guid(e3a3efeb654deb6449664b7f38993fd5) Importer(815301076,1909f56bfc062723c751e8b465ee728b)
Start importing Assets/3D Textures and Mats/LolliPopFlat_LolliPopFlat_Yellow_Normal.png using Guid(e3a3efeb654deb6449664b7f38993fd5) Importer(815301076,1909f56bfc062723c751e8b465ee728b)  -> (artifact id: '9b23e60ce179b2eac4773ca1509c2389') in 0.013421 seconds 
  Import took 0.015796 seconds .

========================================================================
Received Import Request.
  Time since last request: 0.000124 seconds.
  path: Assets/3D Textures and Mats/IceCreamHill_IcecreamBall_2_AlbedoTransparency.png
  artifactKey: Guid(626edd99658496749bf51b9549ab52e8) Importer(815301076,1909f56bfc062723c751e8b465ee728b)
Start importing Assets/3D Textures and Mats/IceCreamHill_IcecreamBall_2_AlbedoTransparency.png using Guid(626edd99658496749bf51b9549ab52e8) Importer(815301076,1909f56bfc062723c751e8b465ee728b)  -> (artifact id: 'bf4bf11f3c0c299fb874662af4bf1593') in 0.010648 seconds 
  Import took 0.013045 seconds .

========================================================================
Received Import Request.
  Time since last request: 0.000107 seconds.
  path: Assets/3D Textures and Mats/IceCreamHill_IcecreamBall_2_MetallicSmoothness.png
  artifactKey: Guid(c92c77b5e63368a4a8f3ed397e854d9b) Importer(815301076,1909f56bfc062723c751e8b465ee728b)
Start importing Assets/3D Textures and Mats/IceCreamHill_IcecreamBall_2_MetallicSmoothness.png using Guid(c92c77b5e63368a4a8f3ed397e854d9b) Importer(815301076,1909f56bfc062723c751e8b465ee728b)  -> (artifact id: '4b083932ac3df98a9549ce2dd4e2cef4') in 0.009186 seconds 
  Import took 0.011541 seconds .

========================================================================
Received Import Request.
  Time since last request: 0.000203 seconds.
  path: Assets/3D Textures and Mats/RoundLolliPop_RoundLolliPop_Blue_MetallicSmoothness.png
  artifactKey: Guid(3c0756abd3c2d9341ae4599fdec5275f) Importer(815301076,1909f56bfc062723c751e8b465ee728b)
Start importing Assets/3D Textures and Mats/RoundLolliPop_RoundLolliPop_Blue_MetallicSmoothness.png using Guid(3c0756abd3c2d9341ae4599fdec5275f) Importer(815301076,1909f56bfc062723c751e8b465ee728b)  -> (artifact id: '1d0a9c1bc4c2a87a4ab7e79aa90de8a7') in 0.009800 seconds 
  Import took 0.012253 seconds .

========================================================================
Received Import Request.
  Time since last request: 0.000160 seconds.
  path: Assets/3D Textures and Mats/RoundLolliPop_RoundLolliPop_Red_Normal.png
  artifactKey: Guid(653f42d7024133e4fb86b2893e36b1e7) Importer(815301076,1909f56bfc062723c751e8b465ee728b)
Start importing Assets/3D Textures and Mats/RoundLolliPop_RoundLolliPop_Red_Normal.png using Guid(653f42d7024133e4fb86b2893e36b1e7) Importer(815301076,1909f56bfc062723c751e8b465ee728b)  -> (artifact id: '789879a7e9c9f1b6bc45a2fa185106ee') in 0.010234 seconds 
  Import took 0.012611 seconds .

========================================================================
Received Import Request.
  Time since last request: 0.000118 seconds.
  path: Assets/3D Textures and Mats/LolliPopFlat_LolliPopFlat_Green_AlbedoTransparency.png
  artifactKey: Guid(52b0dcc74be458249b6b22cdb5f88a64) Importer(815301076,1909f56bfc062723c751e8b465ee728b)
Start importing Assets/3D Textures and Mats/LolliPopFlat_LolliPopFlat_Green_AlbedoTransparency.png using Guid(52b0dcc74be458249b6b22cdb5f88a64) Importer(815301076,1909f56bfc062723c751e8b465ee728b)  -> (artifact id: '0c10082dd10038b92b3afdc0839973b8') in 0.009343 seconds 
  Import took 0.011740 seconds .

========================================================================
Received Import Request.
  Time since last request: 0.000114 seconds.
  path: Assets/3D Textures and Mats/CandyCane_candy cane_MetallicSmoothness.png
  artifactKey: Guid(756922685d4a5df4fabefa17c82d4f39) Importer(815301076,1909f56bfc062723c751e8b465ee728b)
Start importing Assets/3D Textures and Mats/CandyCane_candy cane_MetallicSmoothness.png using Guid(756922685d4a5df4fabefa17c82d4f39) Importer(815301076,1909f56bfc062723c751e8b465ee728b)  -> (artifact id: 'd189b11a5ba8dacbe0701492bceca07c') in 0.009495 seconds 
  Import took 0.011874 seconds .

========================================================================
Received Import Request.
  Time since last request: 10.446859 seconds.
  path: Assets/3D Textures and Mats/New Material.mat
  artifactKey: Guid(4f1471f6ca26b8c4288d23dd99d55e24) Importer(815301076,1909f56bfc062723c751e8b465ee728b)
Start importing Assets/3D Textures and Mats/New Material.mat using Guid(4f1471f6ca26b8c4288d23dd99d55e24) Importer(815301076,1909f56bfc062723c751e8b465ee728b)  -> (artifact id: '4033fe68a0be965f583b6008641b3c52') in 0.037622 seconds 
  Import took 0.040383 seconds .

========================================================================
Received Import Request.
  Time since last request: 7.989510 seconds.
  path: Assets/3D Textures and Mats/M_.mat
  artifactKey: Guid(4f1471f6ca26b8c4288d23dd99d55e24) Importer(815301076,1909f56bfc062723c751e8b465ee728b)
Start importing Assets/3D Textures and Mats/M_.mat using Guid(4f1471f6ca26b8c4288d23dd99d55e24) Importer(815301076,1909f56bfc062723c751e8b465ee728b)  -> (artifact id: '3d56224956d11f041cacf4adf25ba852') in 0.013435 seconds 
  Import took 0.016162 seconds .

========================================================================
Received Import Request.
  Time since last request: 2.588605 seconds.
  path: Assets/3D Textures and Mats/M_ 1.mat
  artifactKey: Guid(80a69e585f6b8a04fa8d8c19f99df667) Importer(815301076,1909f56bfc062723c751e8b465ee728b)
Start importing Assets/3D Textures and Mats/M_ 1.mat using Guid(80a69e585f6b8a04fa8d8c19f99df667) Importer(815301076,1909f56bfc062723c751e8b465ee728b)  -> (artifact id: 'dc5036f03f0ba444cd22644e28cc6bb6') in 0.011400 seconds 
  Import took 0.014720 seconds .

========================================================================
Received Import Request.
  Time since last request: 0.260953 seconds.
  path: Assets/3D Textures and Mats/M_ 2.mat
  artifactKey: Guid(3bfcd273755bb7248835e73abf5fd024) Importer(815301076,1909f56bfc062723c751e8b465ee728b)
Start importing Assets/3D Textures and Mats/M_ 2.mat using Guid(3bfcd273755bb7248835e73abf5fd024) Importer(815301076,1909f56bfc062723c751e8b465ee728b)  -> (artifact id: '6d9263d74a3e0328d406f5262287a2c5') in 0.011662 seconds 
  Import took 0.014395 seconds .

========================================================================
Received Import Request.
  Time since last request: 0.202684 seconds.
  path: Assets/3D Textures and Mats/M_ 3.mat
  artifactKey: Guid(7787727d1779d494f89bac68146657be) Importer(815301076,1909f56bfc062723c751e8b465ee728b)
Start importing Assets/3D Textures and Mats/M_ 3.mat using Guid(7787727d1779d494f89bac68146657be) Importer(815301076,1909f56bfc062723c751e8b465ee728b)  -> (artifact id: '5de41ad1bb47004e1cdde49adfa6ba80') in 0.011633 seconds 
  Import took 0.014585 seconds .

========================================================================
Received Import Request.
  Time since last request: 0.151617 seconds.
  path: Assets/3D Textures and Mats/M_ 4.mat
  artifactKey: Guid(690129dc235d01447864a2c42d889153) Importer(815301076,1909f56bfc062723c751e8b465ee728b)
Start importing Assets/3D Textures and Mats/M_ 4.mat using Guid(690129dc235d01447864a2c42d889153) Importer(815301076,1909f56bfc062723c751e8b465ee728b)  -> (artifact id: 'd0ea8ae5e226e925294b2fd2eaf6c1e8') in 0.012301 seconds 
  Import took 0.015387 seconds .

========================================================================
Received Import Request.
  Time since last request: 0.170435 seconds.
  path: Assets/3D Textures and Mats/M_ 5.mat
  artifactKey: Guid(11cc3d85b41bbdd4287d06a2afaab3d2) Importer(815301076,1909f56bfc062723c751e8b465ee728b)
Start importing Assets/3D Textures and Mats/M_ 5.mat using Guid(11cc3d85b41bbdd4287d06a2afaab3d2) Importer(815301076,1909f56bfc062723c751e8b465ee728b)  -> (artifact id: '9385dbffb528527d2f4d54853665a690') in 0.011900 seconds 
  Import took 0.014944 seconds .

========================================================================
Received Import Request.
  Time since last request: 0.170531 seconds.
  path: Assets/3D Textures and Mats/M_ 6.mat
  artifactKey: Guid(d1f952130a087b64ab8c00e2cf102c93) Importer(815301076,1909f56bfc062723c751e8b465ee728b)
Start importing Assets/3D Textures and Mats/M_ 6.mat using Guid(d1f952130a087b64ab8c00e2cf102c93) Importer(815301076,1909f56bfc062723c751e8b465ee728b)  -> (artifact id: '3a808448f53047119ee4c8caab5cab66') in 0.011521 seconds 
  Import took 0.014179 seconds .

========================================================================
Received Import Request.
  Time since last request: 0.175242 seconds.
  path: Assets/3D Textures and Mats/M_ 7.mat
  artifactKey: Guid(b6b9e2bffd750ba498eb9c375407a6d6) Importer(815301076,1909f56bfc062723c751e8b465ee728b)
Start importing Assets/3D Textures and Mats/M_ 7.mat using Guid(b6b9e2bffd750ba498eb9c375407a6d6) Importer(815301076,1909f56bfc062723c751e8b465ee728b)  -> (artifact id: '2ed0fff2cae4886bc4a63ebf7af3e2c3') in 0.013884 seconds 
  Import took 0.017337 seconds .

========================================================================
Received Import Request.
  Time since last request: 9.844208 seconds.
  path: Assets/3D Textures and Mats/M_CandyCAne.mat
  artifactKey: Guid(80a69e585f6b8a04fa8d8c19f99df667) Importer(815301076,1909f56bfc062723c751e8b465ee728b)
Start importing Assets/3D Textures and Mats/M_CandyCAne.mat using Guid(80a69e585f6b8a04fa8d8c19f99df667) Importer(815301076,1909f56bfc062723c751e8b465ee728b)  -> (artifact id: '48d5f66fb8b1a5be1eeab20d628a3416') in 0.020056 seconds 
  Import took 0.023535 seconds .

========================================================================
Received Import Request.
  Time since last request: 12.450211 seconds.
  path: Assets/3D Textures and Mats/M_EggBlue.mat
  artifactKey: Guid(3bfcd273755bb7248835e73abf5fd024) Importer(815301076,1909f56bfc062723c751e8b465ee728b)
Start importing Assets/3D Textures and Mats/M_EggBlue.mat using Guid(3bfcd273755bb7248835e73abf5fd024) Importer(815301076,1909f56bfc062723c751e8b465ee728b)  -> (artifact id: '0111428c550222bd1a8791915e52771c') in 0.016338 seconds 
  Import took 0.019020 seconds .

========================================================================
Received Import Request.
  Time since last request: 7.888609 seconds.
  path: Assets/3D Textures and Mats/M_EggPink.mat
  artifactKey: Guid(7787727d1779d494f89bac68146657be) Importer(815301076,1909f56bfc062723c751e8b465ee728b)
Start importing Assets/3D Textures and Mats/M_EggPink.mat using Guid(7787727d1779d494f89bac68146657be) Importer(815301076,1909f56bfc062723c751e8b465ee728b)  -> (artifact id: '4363bc8df41ae4720296feac0755d435') in 0.012877 seconds 
  Import took 0.015751 seconds .

========================================================================
Received Import Request.
  Time since last request: 42.938975 seconds.
  path: Assets/3D Textures and Mats/M_GumDrop_Pink.mat
  artifactKey: Guid(690129dc235d01447864a2c42d889153) Importer(815301076,1909f56bfc062723c751e8b465ee728b)
Start importing Assets/3D Textures and Mats/M_GumDrop_Pink.mat using Guid(690129dc235d01447864a2c42d889153) Importer(815301076,1909f56bfc062723c751e8b465ee728b)  -> (artifact id: '10ed6dbc6af22e2883bb8b99d8a6f586') in 0.015527 seconds 
  Import took 0.018384 seconds .

========================================================================
Received Import Request.
  Time since last request: 19.776158 seconds.
  path: Assets/3D Textures and Mats/M_GumDrop_Red.mat
  artifactKey: Guid(11cc3d85b41bbdd4287d06a2afaab3d2) Importer(815301076,1909f56bfc062723c751e8b465ee728b)
Start importing Assets/3D Textures and Mats/M_GumDrop_Red.mat using Guid(11cc3d85b41bbdd4287d06a2afaab3d2) Importer(815301076,1909f56bfc062723c751e8b465ee728b)  -> (artifact id: '437064146aaa34a6abf73b59fad1985a') in 0.011456 seconds 
  Import took 0.014811 seconds .

========================================================================
Received Import Request.
  Time since last request: 9.971652 seconds.
  path: Assets/3D Textures and Mats/M_GumDrop_Green.mat
  artifactKey: Guid(d1f952130a087b64ab8c00e2cf102c93) Importer(815301076,1909f56bfc062723c751e8b465ee728b)
Start importing Assets/3D Textures and Mats/M_GumDrop_Green.mat using Guid(d1f952130a087b64ab8c00e2cf102c93) Importer(815301076,1909f56bfc062723c751e8b465ee728b)  -> (artifact id: 'f39ae3afa00350ecbf919ccbb1223d01') in 0.015689 seconds 
  Import took 0.018458 seconds .

========================================================================
Received Import Request.
  Time since last request: 9.357325 seconds.
  path: Assets/3D Textures and Mats/M_GumDrop_Yellow.mat
  artifactKey: Guid(b6b9e2bffd750ba498eb9c375407a6d6) Importer(815301076,1909f56bfc062723c751e8b465ee728b)
Start importing Assets/3D Textures and Mats/M_GumDrop_Yellow.mat using Guid(b6b9e2bffd750ba498eb9c375407a6d6) Importer(815301076,1909f56bfc062723c751e8b465ee728b)  -> (artifact id: '5f519afb577bd2a742beb36b6ff57d6e') in 0.011914 seconds 
  Import took 0.017510 seconds .

========================================================================
Received Import Request.
  Time since last request: 3.700681 seconds.
  path: Assets/3D Textures and Mats/M_ 1.mat
  artifactKey: Guid(dec86ffbcb454b44ebf4a9463af10104) Importer(815301076,1909f56bfc062723c751e8b465ee728b)
Start importing Assets/3D Textures and Mats/M_ 1.mat using Guid(dec86ffbcb454b44ebf4a9463af10104) Importer(815301076,1909f56bfc062723c751e8b465ee728b)  -> (artifact id: '6bc789042c3f8e298b77d185491cb2a9') in 0.010306 seconds 
  Import took 0.013380 seconds .

========================================================================
Received Import Request.
  Time since last request: 0.366936 seconds.
  path: Assets/3D Textures and Mats/M_ 2.mat
  artifactKey: Guid(1802829329e3c6b4f9fc1ebaf2502f04) Importer(815301076,1909f56bfc062723c751e8b465ee728b)
Start importing Assets/3D Textures and Mats/M_ 2.mat using Guid(1802829329e3c6b4f9fc1ebaf2502f04) Importer(815301076,1909f56bfc062723c751e8b465ee728b)  -> (artifact id: '4d1767fd4285aa6d8830dcb298affde6') in 0.013199 seconds 
  Import took 0.016463 seconds .

========================================================================
Received Import Request.
  Time since last request: 0.447644 seconds.
  path: Assets/3D Textures and Mats/M_ 3.mat
  artifactKey: Guid(4d6e0f9229315ee41a6bfd780abde7a0) Importer(815301076,1909f56bfc062723c751e8b465ee728b)
Start importing Assets/3D Textures and Mats/M_ 3.mat using Guid(4d6e0f9229315ee41a6bfd780abde7a0) Importer(815301076,1909f56bfc062723c751e8b465ee728b)  -> (artifact id: 'cd73b2b87f622c81a55434e0e520d48b') in 0.018705 seconds 
  Import took 0.021367 seconds .

========================================================================
Received Import Request.
  Time since last request: 12.903803 seconds.
  path: Assets/3D Textures and Mats/M_GumDrop_Blue.mat
  artifactKey: Guid(dec86ffbcb454b44ebf4a9463af10104) Importer(815301076,1909f56bfc062723c751e8b465ee728b)
Start importing Assets/3D Textures and Mats/M_GumDrop_Blue.mat using Guid(dec86ffbcb454b44ebf4a9463af10104) Importer(815301076,1909f56bfc062723c751e8b465ee728b)  -> (artifact id: '5dd53a2b0565a099765d8944d187b065') in 0.012362 seconds 
  Import took 0.015473 seconds .

========================================================================
Received Import Request.
  Time since last request: 10.582478 seconds.
  path: Assets/3D Textures and Mats/M_IcecreamCone.mat
  artifactKey: Guid(1802829329e3c6b4f9fc1ebaf2502f04) Importer(815301076,1909f56bfc062723c751e8b465ee728b)
Start importing Assets/3D Textures and Mats/M_IcecreamCone.mat using Guid(1802829329e3c6b4f9fc1ebaf2502f04) Importer(815301076,1909f56bfc062723c751e8b465ee728b)  -> (artifact id: 'eff81c2e1925d428210560ff79145c57') in 0.011360 seconds 
  Import took 0.016219 seconds .

========================================================================
Received Import Request.
  Time since last request: 27.617197 seconds.
  path: Assets/3D Textures and Mats/M_IcecreamBall_.mat
  artifactKey: Guid(4d6e0f9229315ee41a6bfd780abde7a0) Importer(815301076,1909f56bfc062723c751e8b465ee728b)
Start importing Assets/3D Textures and Mats/M_IcecreamBall_.mat using Guid(4d6e0f9229315ee41a6bfd780abde7a0) Importer(815301076,1909f56bfc062723c751e8b465ee728b)  -> (artifact id: '088b7612a09a95221044a7bf60fb3b15') in 0.013304 seconds 
  Import took 0.015971 seconds .

========================================================================
Received Import Request.
  Time since last request: 7.754700 seconds.
  path: Assets/3D Textures and Mats/M_IcecreamBall_ 1.mat
  artifactKey: Guid(3e46a34596666c84e8ec84c0a459acae) Importer(815301076,1909f56bfc062723c751e8b465ee728b)
Start importing Assets/3D Textures and Mats/M_IcecreamBall_ 1.mat using Guid(3e46a34596666c84e8ec84c0a459acae) Importer(815301076,1909f56bfc062723c751e8b465ee728b)  -> (artifact id: '3f14c8ee280387ba1652b7bd1ef031b8') in 0.019087 seconds 
  Import took 0.022080 seconds .

========================================================================
Received Import Request.
  Time since last request: 0.767050 seconds.
  path: Assets/3D Textures and Mats/M_IcecreamBall_ 2.mat
  artifactKey: Guid(03fe5ce377acbaa4d84eef2a400c19c1) Importer(815301076,1909f56bfc062723c751e8b465ee728b)
Start importing Assets/3D Textures and Mats/M_IcecreamBall_ 2.mat using Guid(03fe5ce377acbaa4d84eef2a400c19c1) Importer(815301076,1909f56bfc062723c751e8b465ee728b)  -> (artifact id: '327e46d208c30945851d7e3d761bc0e5') in 0.016105 seconds 
  Import took 0.018953 seconds .

========================================================================
Received Import Request.
  Time since last request: 9.155758 seconds.
  path: Assets/3D Textures and Mats/M_ 1.mat
  artifactKey: Guid(61c24bbb81760a5408a3f8d1b9d6249f) Importer(815301076,1909f56bfc062723c751e8b465ee728b)
Start importing Assets/3D Textures and Mats/M_ 1.mat using Guid(61c24bbb81760a5408a3f8d1b9d6249f) Importer(815301076,1909f56bfc062723c751e8b465ee728b)  -> (artifact id: '918bfc3ea5f850ecf83f10ff788fb6c6') in 0.016436 seconds 
  Import took 0.019304 seconds .

========================================================================
Received Import Request.
  Time since last request: 21.315802 seconds.
  path: Assets/3D Textures and Mats/M_LolliPop_Green.mat
  artifactKey: Guid(61c24bbb81760a5408a3f8d1b9d6249f) Importer(815301076,1909f56bfc062723c751e8b465ee728b)
Start importing Assets/3D Textures and Mats/M_LolliPop_Green.mat using Guid(61c24bbb81760a5408a3f8d1b9d6249f) Importer(815301076,1909f56bfc062723c751e8b465ee728b)  -> (artifact id: 'd3dc2a10da893458ea63a0276ce175ad') in 0.012569 seconds 
  Import took 0.015502 seconds .

========================================================================
Received Import Request.
  Time since last request: 4.556819 seconds.
  path: Assets/3D Textures and Mats/M_ 1.mat
  artifactKey: Guid(2595727d66883974ba3b92d04094dbd9) Importer(815301076,1909f56bfc062723c751e8b465ee728b)
Start importing Assets/3D Textures and Mats/M_ 1.mat using Guid(2595727d66883974ba3b92d04094dbd9) Importer(815301076,1909f56bfc062723c751e8b465ee728b)  -> (artifact id: 'b7cec9fa91ce14643a024d7adeba406e') in 0.008695 seconds 
  Import took 0.011479 seconds .

========================================================================
Received Import Request.
  Time since last request: 0.539722 seconds.
  path: Assets/3D Textures and Mats/M_ 2.mat
  artifactKey: Guid(9f81dfa967e4abe4c84556d815263ff2) Importer(815301076,1909f56bfc062723c751e8b465ee728b)
Start importing Assets/3D Textures and Mats/M_ 2.mat using Guid(9f81dfa967e4abe4c84556d815263ff2) Importer(815301076,1909f56bfc062723c751e8b465ee728b)  -> (artifact id: '5ded551f9c7684f0079be575294e6756') in 0.007999 seconds 
  Import took 0.011292 seconds .

========================================================================
Received Import Request.
  Time since last request: 8.912709 seconds.
  path: Assets/3D Textures and Mats/M_LolliPop_Yellow.mat
  artifactKey: Guid(2595727d66883974ba3b92d04094dbd9) Importer(815301076,1909f56bfc062723c751e8b465ee728b)
Start importing Assets/3D Textures and Mats/M_LolliPop_Yellow.mat using Guid(2595727d66883974ba3b92d04094dbd9) Importer(815301076,1909f56bfc062723c751e8b465ee728b)  -> (artifact id: '8d0f7fa09991d0a361c82eec6bd7596b') in 0.019686 seconds 
  Import took 0.022833 seconds .

========================================================================
Received Import Request.
  Time since last request: 10.917314 seconds.
  path: Assets/3D Textures and Mats/M_LolliPop_Red.mat
  artifactKey: Guid(9f81dfa967e4abe4c84556d815263ff2) Importer(815301076,1909f56bfc062723c751e8b465ee728b)
Start importing Assets/3D Textures and Mats/M_LolliPop_Red.mat using Guid(9f81dfa967e4abe4c84556d815263ff2) Importer(815301076,1909f56bfc062723c751e8b465ee728b)  -> (artifact id: 'db4917cd0e189b006fcaa86f710622c6') in 0.015855 seconds 
  Import took 0.018578 seconds .

========================================================================
Received Import Request.
  Time since last request: 12.359698 seconds.
  path: Assets/3D Textures and Mats/M_LolliPop_Blue.mat
  artifactKey: Guid(4f1471f6ca26b8c4288d23dd99d55e24) Importer(815301076,1909f56bfc062723c751e8b465ee728b)
Start importing Assets/3D Textures and Mats/M_LolliPop_Blue.mat using Guid(4f1471f6ca26b8c4288d23dd99d55e24) Importer(815301076,1909f56bfc062723c751e8b465ee728b)  -> (artifact id: '170a740d1f39a38d78af9f4346ae8d57') in 0.011782 seconds 
  Import took 0.014488 seconds .

========================================================================
Received Import Request.
  Time since last request: 12.547866 seconds.
  path: Assets/3D Textures and Mats/M_CandyCane.mat
  artifactKey: Guid(80a69e585f6b8a04fa8d8c19f99df667) Importer(815301076,1909f56bfc062723c751e8b465ee728b)
Start importing Assets/3D Textures and Mats/M_CandyCane.mat using Guid(80a69e585f6b8a04fa8d8c19f99df667) Importer(815301076,1909f56bfc062723c751e8b465ee728b)  -> (artifact id: 'd8e149145288f5a024c41a28be02e9b9') in 0.014855 seconds 
  Import took 0.017712 seconds .

========================================================================
Received Import Request.
  Time since last request: 22.682642 seconds.
  path: Assets/3D Textures and Mats/M_CandyCane.mat
  artifactKey: Guid(80a69e585f6b8a04fa8d8c19f99df667) Importer(815301076,1909f56bfc062723c751e8b465ee728b)
Start importing Assets/3D Textures and Mats/M_CandyCane.mat using Guid(80a69e585f6b8a04fa8d8c19f99df667) Importer(815301076,1909f56bfc062723c751e8b465ee728b)  -> (artifact id: '0b5aa0640320537635ceb8c998f4f11b') in 0.023475 seconds 
  Import took 0.026383 seconds .

========================================================================
Received Import Request.
  Time since last request: 0.000139 seconds.
  path: Assets/3D Textures and Mats/M_EggBlue 1.mat
  artifactKey: Guid(a80077146b80aa447bab39a85aa2be45) Importer(815301076,1909f56bfc062723c751e8b465ee728b)
Start importing Assets/3D Textures and Mats/M_EggBlue 1.mat using Guid(a80077146b80aa447bab39a85aa2be45) Importer(815301076,1909f56bfc062723c751e8b465ee728b)  -> (artifact id: '1779586fbfa7a171cb5843dcf9f10324') in 0.010325 seconds 
  Import took 0.012719 seconds .

========================================================================
Received Import Request.
  Time since last request: 7.129980 seconds.
  path: Assets/3D Textures and Mats/M_Cloud.mat
  artifactKey: Guid(a80077146b80aa447bab39a85aa2be45) Importer(815301076,1909f56bfc062723c751e8b465ee728b)
Start importing Assets/3D Textures and Mats/M_Cloud.mat using Guid(a80077146b80aa447bab39a85aa2be45) Importer(815301076,1909f56bfc062723c751e8b465ee728b)  -> (artifact id: 'a10085fb372f7efa630fa721dbea72aa') in 0.013452 seconds 
  Import took 0.016748 seconds .

========================================================================
Received Import Request.
  Time since last request: 15.640518 seconds.
  path: Assets/3D Textures and Mats/Cloud_Single_cloud_MetallicSmoothness.png
  artifactKey: Guid(e6f8837062f75224584ffb07a9b84e53) Importer(815301076,1909f56bfc062723c751e8b465ee728b)
Start importing Assets/3D Textures and Mats/Cloud_Single_cloud_MetallicSmoothness.png using Guid(e6f8837062f75224584ffb07a9b84e53) Importer(815301076,1909f56bfc062723c751e8b465ee728b)  -> (artifact id: '24a95fc7b4b4ee8f7f0b288775a47232') in 0.020105 seconds 
  Import took 0.022732 seconds .

========================================================================
Received Import Request.
  Time since last request: 187.709208 seconds.
  path: Assets/3D Textures and Mats/RoundLolliPop_RoundLolliPop_Red_Normal.png
  artifactKey: Guid(653f42d7024133e4fb86b2893e36b1e7) Importer(815301076,1909f56bfc062723c751e8b465ee728b)
Start importing Assets/3D Textures and Mats/RoundLolliPop_RoundLolliPop_Red_Normal.png using Guid(653f42d7024133e4fb86b2893e36b1e7) Importer(815301076,1909f56bfc062723c751e8b465ee728b)  -> (artifact id: '5307c50c6c3574d06b33f68d0f6fc749') in 0.011698 seconds 
  Import took 0.014743 seconds .

========================================================================
Received Import Request.
  Time since last request: 5.611497 seconds.
  path: Assets/3D Textures and Mats/RoundLolliPop_RoundLolliPop_Blue_Normal.png
  artifactKey: Guid(91a86dce3d91d0446a72ba0ef58d57dc) Importer(815301076,1909f56bfc062723c751e8b465ee728b)
Start importing Assets/3D Textures and Mats/RoundLolliPop_RoundLolliPop_Blue_Normal.png using Guid(91a86dce3d91d0446a72ba0ef58d57dc) Importer(815301076,1909f56bfc062723c751e8b465ee728b)  -> (artifact id: '13f8bbedaa9a2597083d46ae9642920b') in 0.014641 seconds 
  Import took 0.017472 seconds .

========================================================================
Received Import Request.
  Time since last request: 14.712774 seconds.
  path: Assets/3D Textures and Mats/LolliPopFlat_LolliPopFlat_Yellow_Normal.png
  artifactKey: Guid(e3a3efeb654deb6449664b7f38993fd5) Importer(815301076,1909f56bfc062723c751e8b465ee728b)
Start importing Assets/3D Textures and Mats/LolliPopFlat_LolliPopFlat_Yellow_Normal.png using Guid(e3a3efeb654deb6449664b7f38993fd5) Importer(815301076,1909f56bfc062723c751e8b465ee728b)  -> (artifact id: '81e9d1c4710c661a5c98a57fb7e2688f') in 0.011176 seconds 
  Import took 0.013878 seconds .

========================================================================
Received Import Request.
  Time since last request: 3.557423 seconds.
  path: Assets/3D Textures and Mats/IceCreamCone EX_IceCreamCone_Normal.png
  artifactKey: Guid(80b337b40b556e6489eed63d9a563d57) Importer(815301076,1909f56bfc062723c751e8b465ee728b)
Start importing Assets/3D Textures and Mats/IceCreamCone EX_IceCreamCone_Normal.png using Guid(80b337b40b556e6489eed63d9a563d57) Importer(815301076,1909f56bfc062723c751e8b465ee728b)  -> (artifact id: '945a10bb2754e114ac6d477ab105e998') in 0.011839 seconds 
  Import took 0.014515 seconds .

========================================================================
Received Prepare
Registering precompiled user dll's ...
Registered in 0.004676 seconds.
Begin MonoManager ReloadAssembly
Native extension for WindowsStandalone target not found
Refreshing native plugins compatible for Editor in 0.39 ms, found 2 plugins.
Preloading 0 native plugins for Editor in 0.00 ms.
Mono: successfully reloaded assembly
- Completed reload, in  0.990 seconds
Domain Reload Profiling:
	ReloadAssembly (991ms)
		BeginReloadAssembly (101ms)
			ExecutionOrderSort (0ms)
			DisableScriptedObjects (4ms)
			BackupInstance (0ms)
			ReleaseScriptingObjects (0ms)
			CreateAndSetChildDomain (29ms)
		EndReloadAssembly (827ms)
			LoadAssemblies (82ms)
			RebuildTransferFunctionScriptingTraits (0ms)
			SetupTypeCache (275ms)
			ReleaseScriptCaches (1ms)
			RebuildScriptCaches (41ms)
			SetupLoadedEditorAssemblies (314ms)
				LogAssemblyErrors (0ms)
				InitializePlatformSupportModulesInManaged (5ms)
				SetLoadedEditorAssemblies (0ms)
				RefreshPlugins (0ms)
				BeforeProcessingInitializeOnLoad (49ms)
				ProcessInitializeOnLoadAttributes (243ms)
				ProcessInitializeOnLoadMethodAttributes (9ms)
				AfterProcessingInitializeOnLoad (6ms)
				EditorAssembliesLoaded (0ms)
			ExecutionOrderSort2 (0ms)
			AwakeInstancesAfterBackupRestoration (7ms)
Platform modules already initialized, skipping
Refreshing native plugins compatible for Editor in 0.40 ms, found 2 plugins.
Preloading 0 native plugins for Editor in 0.00 ms.
Unloading 1926 Unused Serialized files (Serialized files now loaded: 0)
System memory in use before: 100.9 MB.
System memory in use after: 101.0 MB.

Unloading 15 unused Assets to reduce memory usage. Loaded Objects now: 2422.
Total: 2.722400 ms (FindLiveObjects: 0.193700 ms CreateObjectMapping: 0.045900 ms MarkObjects: 2.461800 ms  DeleteObjects: 0.019900 ms)

AssetImportParameters requested are different than current active one (requested -> active):
  custom:framework-win-MediaFoundation: 216162199b28c13a410421893ffa2e32 -> 
  custom:video-decoder-ogg-theora: a1e56fd34408186e4bbccfd4996cb3dc -> 
  custom:container-muxer-webm: aa71ff27fc2769a1b78a27578f13a17b -> 
  custom:container-demuxer-webm: 4f35f7cbe854078d1ac9338744f61a02 -> 
  custom:container-demuxer-ogg: 62fdf1f143b41e24485cea50d1cbac27 -> 
  custom:video-encoder-webm-vp8: eb34c28f22e8b96e1ab97ce403110664 -> 
  custom:video-decoder-webm-vp8: 9c59270c3fd7afecdb556c50c9e8de78 -> 
  custom:audio-decoder-ogg-vorbis: bf7c407c2cedff20999df2af8eb42d56 -> 
  custom:audio-encoder-webm-vorbis: bf7c407c2cedff20999df2af8eb42d56 -> 
AssetImportWorkerClient::OnTransportError - code=2 error=End of file
